TN:
SF:app\header.controller.js
FN:1,(anonymous_0)
FN:9,headerController
FN:16,iniciar
FN:20,logout
FNF:4
FNH:4
FNDA:1,(anonymous_0)
FNDA:3,headerController
FNDA:1,iniciar
FNDA:1,logout
DA:1,1
DA:4,1
DA:7,1
DA:10,3
DA:12,3
DA:13,3
DA:14,3
DA:17,1
DA:21,1
DA:22,1
LF:10
LH:10
BRF:0
BRH:0
end_of_record
TN:
SF:app\lista-compras.factory.js
FN:1,(anonymous_0)
FN:9,listaComprasFactory
FN:15,name
FNF:3
FNH:1
FNDA:1,(anonymous_0)
FNDA:0,listaComprasFactory
FNDA:0,name
DA:1,1
DA:4,1
DA:7,1
DA:10,0
LF:4
LH:3
BRF:0
BRH:0
end_of_record
TN:
SF:app\lista-compras.module.js
FN:1,(anonymous_0)
FNF:1
FNH:1
FNDA:1,(anonymous_0)
DA:1,1
DA:5,1
LF:2
LH:2
BRF:0
BRH:0
end_of_record
TN:
SF:app\lista-compras.routes.js
FN:1,(anonymous_0)
FN:11,routes
FN:54,configDefaults
FNF:3
FNH:3
FNDA:1,(anonymous_0)
FNDA:9,routes
FNDA:9,configDefaults
DA:1,1
DA:4,1
DA:8,1
DA:9,1
DA:12,9
DA:55,9
LF:6
LH:6
BRF:0
BRH:0
end_of_record
TN:
SF:app\lista-compras.service.js
FN:1,(anonymous_0)
FN:9,listaComprasService
FN:15,logar
FN:17,(anonymous_3)
FN:23,register
FN:25,(anonymous_5)
FNF:6
FNH:2
FNDA:1,(anonymous_0)
FNDA:1,listaComprasService
FNDA:0,logar
FNDA:0,(anonymous_3)
FNDA:0,register
FNDA:0,(anonymous_5)
DA:1,1
DA:4,1
DA:7,1
DA:10,1
DA:16,0
DA:18,0
DA:24,0
DA:26,0
LF:8
LH:4
BRF:0
BRH:0
end_of_record
TN:
SF:app\acesso\acesso.controller.js
FN:1,(anonymous_0)
FN:9,acessoController
FN:16,logar
FN:18,(anonymous_3)
FN:29,register
FN:39,tratarRes
FNF:6
FNH:1
FNDA:1,(anonymous_0)
FNDA:0,acessoController
FNDA:0,logar
FNDA:0,(anonymous_3)
FNDA:0,register
FNDA:0,tratarRes
DA:1,1
DA:4,1
DA:7,1
DA:10,0
DA:12,0
DA:13,0
DA:14,0
DA:17,0
DA:19,0
DA:20,0
DA:22,0
DA:23,0
DA:24,0
DA:30,0
DA:36,0
DA:40,0
DA:41,0
DA:43,0
DA:44,0
DA:45,0
LF:20
LH:3
BRDA:19,0,0,0
BRDA:19,0,1,0
BRDA:40,1,0,0
BRDA:40,1,1,0
BRF:4
BRH:0
end_of_record
TN:
SF:app\categorias\categorias.controller.js
FN:1,(anonymous_0)
FN:13,categoriasController
FN:22,iniciar
FN:25,(anonymous_3)
FN:33,submit
FN:41,consultar
FN:45,tratarRetorno
FN:53,irEditar
FN:57,deletar
FN:61,tratarRetorno
FN:71,listarCategorias
FN:75,salvarCategorias
FN:80,cadastrar
FN:82,(anonymous_13)
FN:87,editar
FN:89,(anonymous_15)
FN:94,tratarResposta
FNF:17
FNH:1
FNDA:1,(anonymous_0)
FNDA:0,categoriasController
FNDA:0,iniciar
FNDA:0,(anonymous_3)
FNDA:0,submit
FNDA:0,consultar
FNDA:0,tratarRetorno
FNDA:0,irEditar
FNDA:0,deletar
FNDA:0,tratarRetorno
FNDA:0,listarCategorias
FNDA:0,salvarCategorias
FNDA:0,cadastrar
FNDA:0,(anonymous_13)
FNDA:0,editar
FNDA:0,(anonymous_15)
FNDA:0,tratarResposta
DA:1,1
DA:4,1
DA:7,1
DA:14,0
DA:16,0
DA:17,0
DA:18,0
DA:19,0
DA:20,0
DA:23,0
DA:24,0
DA:26,0
DA:29,0
DA:34,0
DA:35,0
DA:37,0
DA:42,0
DA:46,0
DA:47,0
DA:49,0
DA:54,0
DA:58,0
DA:62,0
DA:63,0
DA:65,0
DA:66,0
DA:72,0
DA:76,0
DA:81,0
DA:83,0
DA:88,0
DA:90,0
DA:95,0
DA:96,0
DA:97,0
DA:99,0
LF:36
LH:3
BRDA:23,0,0,0
BRDA:23,0,1,0
BRDA:34,1,0,0
BRDA:34,1,1,0
BRDA:46,2,0,0
BRDA:46,2,1,0
BRDA:62,3,0,0
BRDA:62,3,1,0
BRDA:95,4,0,0
BRDA:95,4,1,0
BRF:10
BRH:0
end_of_record
TN:
SF:app\categorias\categorias.service.js
FN:1,(anonymous_0)
FN:9,categoriasService
FN:20,requisicao
FN:26,(anonymous_3)
FN:32,listar
FN:34,cadastrar
FN:36,consultar
FN:38,editar
FN:40,deletar
FNF:9
FNH:1
FNDA:1,(anonymous_0)
FNDA:0,categoriasService
FNDA:0,requisicao
FNDA:0,(anonymous_3)
FNDA:0,listar
FNDA:0,cadastrar
FNDA:0,consultar
FNDA:0,editar
FNDA:0,deletar
DA:1,1
DA:4,1
DA:7,1
DA:10,0
DA:21,0
DA:27,0
DA:32,0
DA:34,0
DA:36,0
DA:38,0
DA:40,0
LF:11
LH:3
BRDA:23,0,0,0
BRDA:23,0,1,0
BRDA:25,1,0,0
BRDA:25,1,1,0
BRF:4
BRH:0
end_of_record
TN:
SF:app\componentes\mensagens-alertas.component.js
FN:1,(anonymous_0)
FNF:1
FNH:1
FNDA:1,(anonymous_0)
DA:1,1
DA:4,1
LF:2
LH:2
BRF:0
BRH:0
end_of_record
TN:
SF:app\componentes\mensagens-alertas.controller.js
FN:1,(anonymous_0)
FN:9,mensagensAlertasController
FN:18,funcao
FNF:3
FNH:1
FNDA:1,(anonymous_0)
FNDA:0,mensagensAlertasController
FNDA:0,funcao
DA:1,1
DA:4,1
DA:7,1
DA:10,0
DA:12,0
DA:14,0
DA:19,0
DA:20,0
LF:8
LH:3
BRF:0
BRH:0
end_of_record
TN:
SF:app\diretivas\exemplo.directive.js
FN:1,(anonymous_0)
FN:9,exemplo
FNF:2
FNH:2
FNDA:1,(anonymous_0)
FNDA:1,exemplo
DA:1,1
DA:4,1
DA:7,1
DA:10,1
LF:4
LH:4
BRF:0
BRH:0
end_of_record
TN:
SF:app\itens\itens.controller.js
FN:1,(anonymous_0)
FN:13,itensController
FN:22,iniciar
FN:25,(anonymous_3)
FN:35,submit
FN:43,consultar
FN:47,tratarRetorno
FN:55,irEditar
FN:59,deletar
FN:63,tratarRetorno
FN:74,listar
FN:78,salvarItens
FN:83,listarCategorias
FN:87,salvarCategorias
FN:92,cadastrar
FN:94,(anonymous_15)
FN:99,editar
FN:101,(anonymous_17)
FN:106,tratarResposta
FNF:19
FNH:1
FNDA:1,(anonymous_0)
FNDA:0,itensController
FNDA:0,iniciar
FNDA:0,(anonymous_3)
FNDA:0,submit
FNDA:0,consultar
FNDA:0,tratarRetorno
FNDA:0,irEditar
FNDA:0,deletar
FNDA:0,tratarRetorno
FNDA:0,listar
FNDA:0,salvarItens
FNDA:0,listarCategorias
FNDA:0,salvarCategorias
FNDA:0,cadastrar
FNDA:0,(anonymous_15)
FNDA:0,editar
FNDA:0,(anonymous_17)
FNDA:0,tratarResposta
DA:1,1
DA:4,1
DA:7,1
DA:14,0
DA:16,0
DA:17,0
DA:18,0
DA:19,0
DA:20,0
DA:23,0
DA:24,0
DA:26,0
DA:30,0
DA:36,0
DA:37,0
DA:39,0
DA:44,0
DA:48,0
DA:49,0
DA:51,0
DA:56,0
DA:60,0
DA:64,0
DA:65,0
DA:67,0
DA:68,0
DA:75,0
DA:79,0
DA:84,0
DA:88,0
DA:93,0
DA:95,0
DA:100,0
DA:102,0
DA:107,0
DA:108,0
DA:109,0
DA:111,0
LF:38
LH:3
BRDA:23,0,0,0
BRDA:23,0,1,0
BRDA:36,1,0,0
BRDA:36,1,1,0
BRDA:48,2,0,0
BRDA:48,2,1,0
BRDA:64,3,0,0
BRDA:64,3,1,0
BRDA:107,4,0,0
BRDA:107,4,1,0
BRF:10
BRH:0
end_of_record
TN:
SF:app\itens\itens.service.js
FN:1,(anonymous_0)
FN:9,itensService
FN:37,listar
FN:39,(anonymous_3)
FN:45,listarCategorias
FN:47,(anonymous_5)
FN:53,cadastrar
FN:55,(anonymous_7)
FN:61,consultar
FN:63,(anonymous_9)
FN:69,editar
FN:71,(anonymous_11)
FN:77,deletar
FN:79,(anonymous_13)
FNF:14
FNH:1
FNDA:1,(anonymous_0)
FNDA:0,itensService
FNDA:0,listar
FNDA:0,(anonymous_3)
FNDA:0,listarCategorias
FNDA:0,(anonymous_5)
FNDA:0,cadastrar
FNDA:0,(anonymous_7)
FNDA:0,consultar
FNDA:0,(anonymous_9)
FNDA:0,editar
FNDA:0,(anonymous_11)
FNDA:0,deletar
FNDA:0,(anonymous_13)
DA:1,1
DA:4,1
DA:7,1
DA:10,0
DA:38,0
DA:40,0
DA:46,0
DA:48,0
DA:54,0
DA:56,0
DA:62,0
DA:64,0
DA:70,0
DA:72,0
DA:78,0
DA:80,0
LF:16
LH:3
BRF:0
BRH:0
end_of_record
TN:
SF:app\utilities\constantes.js
FN:1,(anonymous_0)
FNF:1
FNH:1
FNDA:1,(anonymous_0)
DA:1,1
DA:4,1
LF:2
LH:2
BRF:0
BRH:0
end_of_record
TN:
SF:app\utilities\filtros.js
FN:1,(anonymous_0)
FN:5,(anonymous_1)
FN:6,(anonymous_2)
FNF:3
FNH:3
FNDA:1,(anonymous_0)
FNDA:7,(anonymous_1)
FNDA:1,(anonymous_2)
DA:1,1
DA:4,1
DA:6,7
DA:7,1
LF:4
LH:4
BRDA:7,0,0,1
BRDA:7,0,1,0
BRDA:7,1,0,1
BRDA:7,1,1,1
BRF:4
BRH:3
end_of_record
TN:
SF:app\utilities\helper.factory.js
FN:1,(anonymous_0)
FN:14,helperFactory
FN:25,addMsg
FN:38,path
FN:43,setRootScope
FN:47,getRootScope
FN:51,sendError
FN:55,go
FN:66,isLoggedIn
FN:75,setPage
FNF:10
FNH:9
FNDA:1,(anonymous_0)
FNDA:6,helperFactory
FNDA:1,addMsg
FNDA:1,path
FNDA:1,setRootScope
FNDA:0,getRootScope
FNDA:1,sendError
FNDA:1,go
FNDA:1,isLoggedIn
FNDA:1,setPage
DA:1,1
DA:4,1
DA:7,1
DA:16,6
DA:26,1
DA:29,1
DA:30,1
DA:39,1
DA:40,1
DA:44,1
DA:48,0
DA:52,1
DA:56,1
DA:58,1
DA:59,1
DA:60,0
DA:62,1
DA:64,1
DA:67,1
DA:68,0
DA:70,1
DA:71,1
DA:76,1
DA:77,1
DA:78,0
DA:79,0
LF:26
LH:21
BRDA:26,0,0,0
BRDA:26,0,1,1
BRDA:29,1,0,1
BRDA:29,1,1,0
BRDA:31,2,0,1
BRDA:31,2,1,0
BRDA:32,3,0,1
BRDA:32,3,1,0
BRDA:33,4,0,1
BRDA:33,4,1,0
BRDA:40,5,0,1
BRDA:40,5,1,0
BRDA:58,6,0,0
BRDA:58,6,1,1
BRDA:59,7,0,0
BRDA:59,7,1,1
BRDA:59,8,0,1
BRDA:59,8,1,1
BRDA:67,9,0,0
BRDA:67,9,1,1
BRDA:77,10,0,1
BRDA:77,10,1,0
BRF:22
BRH:12
end_of_record
